2025-11-17 21:17:58.619 xcodebuild[87794:3822507] [MT] DVTSDK: Skipped SDK /Applications/Xcode.app/Contents/Developer/Platforms/MacOSX.platform/Developer/SDKs/MacOSX10.7.sdk; its version (10.7) is below required minimum (14.0) for the macosx platform.
Command line invocation:
    /Applications/Xcode.app/Contents/Developer/usr/bin/xcodebuild -scheme HermesTests -configuration Debug "-only-testing:HermesTests/ASPlaylistRetryTests/testPlaylistIgnoresTransientErrorsDuringRetry" test

2025-11-17 21:17:59.459 xcodebuild[87794:3822590]  DVTDeviceOperation: Encountered a build number "" that is incompatible with DVTBuildVersion.
2025-11-17 21:17:59.690 xcodebuild[87794:3822507] [MT] DVTDeviceOperation: Encountered a build number "" that is incompatible with DVTBuildVersion.
--- xcodebuild: WARNING: Using the first of multiple matching destinations:
{ platform:macOS, arch:arm64, id:00008103-001E249E2130801E, name:My Mac }
{ platform:macOS, arch:x86_64, id:00008103-001E249E2130801E, name:My Mac }
{ platform:macOS, name:Any Mac }
ComputePackagePrebuildTargetDependencyGraph

Prepare packages

CreateBuildRequest

SendProjectDescription

CreateBuildOperation

ComputeTargetDependencyGraph
note: Building targets in dependency order
note: Target dependency graph (2 targets)
    Target 'HermesTests' in project 'Hermes'
        ➜ Explicit dependency on target 'Hermes' in project 'Hermes'
    Target 'Hermes' in project 'Hermes' (no dependencies)

GatherProvisioningInputs

CreateBuildDescription

ExecuteExternalTool /Applications/Xcode.app/Contents/Developer/usr/bin/ibtool --version --output-format xml1

ExecuteExternalTool /Applications/Xcode.app/Contents/Developer/Toolchains/XcodeDefault.xctoolchain/usr/bin/clang -v -E -dM -isysroot /Applications/Xcode.app/Contents/Developer/Platforms/MacOSX.platform/Developer/SDKs/MacOSX15.5.sdk -x c -c /dev/null

ExecuteExternalTool /Applications/Xcode.app/Contents/Developer/Toolchains/XcodeDefault.xctoolchain/usr/bin/clang -v -E -dM -arch arm64 -isysroot /Applications/Xcode.app/Contents/Developer/Platforms/MacOSX.platform/Developer/SDKs/MacOSX15.5.sdk -x c -c /dev/null

ExecuteExternalTool /Applications/Xcode.app/Contents/Developer/Toolchains/XcodeDefault.xctoolchain/usr/bin/clang -v -E -dM -arch arm64 -isysroot /Applications/Xcode.app/Contents/Developer/Platforms/MacOSX.platform/Developer/SDKs/MacOSX15.5.sdk -x objective-c -c /dev/null

ExecuteExternalTool /Applications/Xcode.app/Contents/Developer/Toolchains/XcodeDefault.xctoolchain/usr/bin/swiftc --version

ExecuteExternalTool /Applications/Xcode.app/Contents/Developer/Toolchains/XcodeDefault.xctoolchain/usr/bin/ld -version_details

Build description signature: a719f1842efc8862e502c03f9c92e20d
Build description path: /Users/user2/Library/Developer/Xcode/DerivedData/Hermes-gayrmdhfnqltfgffycgkcqztcdfv/Build/Intermediates.noindex/XCBuildData/a719f1842efc8862e502c03f9c92e20d.xcbuilddata
ClangStatCache /Applications/Xcode.app/Contents/Developer/Toolchains/XcodeDefault.xctoolchain/usr/bin/clang-stat-cache /Applications/Xcode.app/Contents/Developer/Platforms/MacOSX.platform/Developer/SDKs/MacOSX15.5.sdk /Users/user2/Library/Developer/Xcode/DerivedData/SDKStatCaches.noindex/macosx15.5-24F74-8254517eb8b97d462ccbc072ba9094c9.sdkstatcache
    cd /Users/user2/Downloads/PersonalProgAppsWorking/Hermes-master/Hermes.xcodeproj
    /Applications/Xcode.app/Contents/Developer/Toolchains/XcodeDefault.xctoolchain/usr/bin/clang-stat-cache /Applications/Xcode.app/Contents/Developer/Platforms/MacOSX.platform/Developer/SDKs/MacOSX15.5.sdk -o /Users/user2/Library/Developer/Xcode/DerivedData/SDKStatCaches.noindex/macosx15.5-24F74-8254517eb8b97d462ccbc072ba9094c9.sdkstatcache

ProcessInfoPlistFile /Users/user2/Library/Developer/Xcode/DerivedData/Hermes-gayrmdhfnqltfgffycgkcqztcdfv/Build/Products/Debug/Hermes.app/Contents/Info.plist /Users/user2/Downloads/PersonalProgAppsWorking/Hermes-master/Resources/Hermes-Info.plist (in target 'Hermes' from project 'Hermes')
    cd /Users/user2/Downloads/PersonalProgAppsWorking/Hermes-master
    builtin-infoPlistUtility /Users/user2/Downloads/PersonalProgAppsWorking/Hermes-master/Resources/Hermes-Info.plist -producttype com.apple.product-type.application -genpkginfo /Users/user2/Library/Developer/Xcode/DerivedData/Hermes-gayrmdhfnqltfgffycgkcqztcdfv/Build/Products/Debug/Hermes.app/Contents/PkgInfo -expandbuildsettings -platform macosx -additionalcontentfile /Users/user2/Library/Developer/Xcode/DerivedData/Hermes-gayrmdhfnqltfgffycgkcqztcdfv/Build/Intermediates.noindex/Hermes.build/Debug/Hermes.build/Base.lproj/MainMenu-PartialInfo.plist -o /Users/user2/Library/Developer/Xcode/DerivedData/Hermes-gayrmdhfnqltfgffycgkcqztcdfv/Build/Products/Debug/Hermes.app/Contents/Info.plist

note: Disabling previews because SWIFT_VERSION is set and SWIFT_OPTIMIZATION_LEVEL=-O, expected -Onone (in target 'HermesTests' from project 'Hermes')
warning: Skipping duplicate build file in Compile Sources build phase: /Users/user2/Downloads/PersonalProgAppsWorking/Hermes-master/HermesTests/StationsControllerTests.m (in target 'HermesTests' from project 'Hermes')
WriteAuxiliaryFile /Users/user2/Library/Developer/Xcode/DerivedData/Hermes-gayrmdhfnqltfgffycgkcqztcdfv/Build/Intermediates.noindex/Hermes.build/Debug/HermesTests.build/Objects-normal/arm64/HermesTests.LinkFileList (in target 'HermesTests' from project 'Hermes')
    cd /Users/user2/Downloads/PersonalProgAppsWorking/Hermes-master
    write-file /Users/user2/Library/Developer/Xcode/DerivedData/Hermes-gayrmdhfnqltfgffycgkcqztcdfv/Build/Intermediates.noindex/Hermes.build/Debug/HermesTests.build/Objects-normal/arm64/HermesTests.LinkFileList

ScanDependencies /Users/user2/Library/Developer/Xcode/DerivedData/Hermes-gayrmdhfnqltfgffycgkcqztcdfv/Build/Intermediates.noindex/Hermes.build/Debug/HermesTests.build/Objects-normal/arm64/ASPlaylistRetryTests.o /Users/user2/Downloads/PersonalProgAppsWorking/Hermes-master/HermesTests/ASPlaylistRetryTests.m normal arm64 objective-c com.apple.compilers.llvm.clang.1_0.compiler (in target 'HermesTests' from project 'Hermes')
    cd /Users/user2/Downloads/PersonalProgAppsWorking/Hermes-master
    
    Using response file: /Users/user2/Library/Developer/Xcode/DerivedData/Hermes-gayrmdhfnqltfgffycgkcqztcdfv/Build/Intermediates.noindex/Hermes.build/Debug/HermesTests.build/Objects-normal/arm64/e6072d4f65d7061329687fe24e3d63a7-common-args.resp
    
    builtin-ScanDependencies -o /Users/user2/Library/Developer/Xcode/DerivedData/Hermes-gayrmdhfnqltfgffycgkcqztcdfv/Build/Intermediates.noindex/Hermes.build/Debug/HermesTests.build/Objects-normal/arm64/ASPlaylistRetryTests.o.scan -- /Applications/Xcode.app/Contents/Developer/Toolchains/XcodeDefault.xctoolchain/usr/bin/clang -x objective-c -ivfsstatcache /Users/user2/Library/Developer/Xcode/DerivedData/SDKStatCaches.noindex/macosx15.5-24F74-8254517eb8b97d462ccbc072ba9094c9.sdkstatcache -fmessage-length\=0 -fdiagnostics-show-note-include-stack -fmacro-backtrace-limit\=0 -fno-color-diagnostics -fmodules-prune-interval\=86400 -fmodules-prune-after\=345600 -fbuild-session-file\=/Users/user2/Library/Developer/Xcode/DerivedData/ModuleCache.noindex/Session.modulevalidation -fmodules-validate-once-per-build-session -Wnon-modular-include-in-framework-module -Werror\=non-modular-include-in-framework-module -Wno-trigraphs -Werror -Wno-missing-field-initializers -Wno-missing-prototypes -Werror\=return-type -Wdocumentation -Wunreachable-code -Wquoted-include-in-framework-header -Wno-implicit-atomic-properties -Werror\=deprecated-objc-isa-usage -Wno-objc-interface-ivars -Werror\=objc-root-class -Wno-arc-repeated-use-of-weak -Wimplicit-retain-self -Wduplicate-method-match -Wno-missing-braces -Wparentheses -Wswitch -Wunused-function -Wno-unused-label -Wno-unused-parameter -Wunused-variable -Wunused-value -Wempty-body -Wuninitialized -Wconditional-uninitialized -Wno-unknown-pragmas -Wno-shadow -Wno-four-char-constants -Wno-conversion -Wconstant-conversion -Wint-conversion -Wbool-conversion -Wenum-conversion -Wno-float-conversion -Wnon-literal-null-conversion -Wobjc-literal-conversion -Wshorten-64-to-32 -Wpointer-sign -Wno-newline-eof -Wno-selector -Wno-strict-selector-match -Wundeclared-selector -Wdeprecated-implementations -Wno-implicit-fallthrough -fstrict-aliasing -Wprotocol -Wdeprecated-declarations -Wno-sign-conversion -Winfinite-recursion -Wcomma -Wblock-capture-autoreleasing -Wstrict-prototypes -Wno-semicolon-before-method-body -Wunguarded-availability -index-store-path /Users/user2/Library/Developer/Xcode/DerivedData/Hermes-gayrmdhfnqltfgffycgkcqztcdfv/Index.noindex/DataStore -Wall @/Users/user2/Library/Developer/Xcode/DerivedData/Hermes-gayrmdhfnqltfgffycgkcqztcdfv/Build/Intermediates.noindex/Hermes.build/Debug/HermesTests.build/Objects-normal/arm64/e6072d4f65d7061329687fe24e3d63a7-common-args.resp -MMD -MT dependencies -MF /Users/user2/Library/Developer/Xcode/DerivedData/Hermes-gayrmdhfnqltfgffycgkcqztcdfv/Build/Intermediates.noindex/Hermes.build/Debug/HermesTests.build/Objects-normal/arm64/ASPlaylistRetryTests.d --serialize-diagnostics /Users/user2/Library/Developer/Xcode/DerivedData/Hermes-gayrmdhfnqltfgffycgkcqztcdfv/Build/Intermediates.noindex/Hermes.build/Debug/HermesTests.build/Objects-normal/arm64/ASPlaylistRetryTests.dia -c /Users/user2/Downloads/PersonalProgAppsWorking/Hermes-master/HermesTests/ASPlaylistRetryTests.m -o /Users/user2/Library/Developer/Xcode/DerivedData/Hermes-gayrmdhfnqltfgffycgkcqztcdfv/Build/Intermediates.noindex/Hermes.build/Debug/HermesTests.build/Objects-normal/arm64/ASPlaylistRetryTests.o -index-unit-output-path /Hermes.build/Debug/HermesTests.build/Objects-normal/arm64/ASPlaylistRetryTests.o

ProcessInfoPlistFile /Users/user2/Library/Developer/Xcode/DerivedData/Hermes-gayrmdhfnqltfgffycgkcqztcdfv/Build/Products/Debug/Hermes.app/Contents/PlugIns/HermesTests.xctest/Contents/Info.plist /Users/user2/Library/Developer/Xcode/DerivedData/Hermes-gayrmdhfnqltfgffycgkcqztcdfv/Build/Intermediates.noindex/Hermes.build/Debug/HermesTests.build/empty-HermesTests.plist (in target 'HermesTests' from project 'Hermes')
    cd /Users/user2/Downloads/PersonalProgAppsWorking/Hermes-master
    builtin-infoPlistUtility /Users/user2/Library/Developer/Xcode/DerivedData/Hermes-gayrmdhfnqltfgffycgkcqztcdfv/Build/Intermediates.noindex/Hermes.build/Debug/HermesTests.build/empty-HermesTests.plist -producttype com.apple.product-type.bundle.unit-test -expandbuildsettings -platform macosx -o /Users/user2/Library/Developer/Xcode/DerivedData/Hermes-gayrmdhfnqltfgffycgkcqztcdfv/Build/Products/Debug/Hermes.app/Contents/PlugIns/HermesTests.xctest/Contents/Info.plist

CompileC /Users/user2/Library/Developer/Xcode/DerivedData/Hermes-gayrmdhfnqltfgffycgkcqztcdfv/Build/Intermediates.noindex/Hermes.build/Debug/HermesTests.build/Objects-normal/arm64/ASPlaylistRetryTests.o /Users/user2/Downloads/PersonalProgAppsWorking/Hermes-master/HermesTests/ASPlaylistRetryTests.m normal arm64 objective-c com.apple.compilers.llvm.clang.1_0.compiler (in target 'HermesTests' from project 'Hermes')
    cd /Users/user2/Downloads/PersonalProgAppsWorking/Hermes-master
    
    Using response file: /Users/user2/Library/Developer/Xcode/DerivedData/Hermes-gayrmdhfnqltfgffycgkcqztcdfv/Build/Intermediates.noindex/Hermes.build/Debug/HermesTests.build/Objects-normal/arm64/e6072d4f65d7061329687fe24e3d63a7-common-args.resp
    
    /Applications/Xcode.app/Contents/Developer/Toolchains/XcodeDefault.xctoolchain/usr/bin/clang -x objective-c -ivfsstatcache /Users/user2/Library/Developer/Xcode/DerivedData/SDKStatCaches.noindex/macosx15.5-24F74-8254517eb8b97d462ccbc072ba9094c9.sdkstatcache -fmessage-length\=0 -fdiagnostics-show-note-include-stack -fmacro-backtrace-limit\=0 -fno-color-diagnostics -fmodules-prune-interval\=86400 -fmodules-prune-after\=345600 -fbuild-session-file\=/Users/user2/Library/Developer/Xcode/DerivedData/ModuleCache.noindex/Session.modulevalidation -fmodules-validate-once-per-build-session -Wnon-modular-include-in-framework-module -Werror\=non-modular-include-in-framework-module -Wno-trigraphs -Werror -Wno-missing-field-initializers -Wno-missing-prototypes -Werror\=return-type -Wdocumentation -Wunreachable-code -Wquoted-include-in-framework-header -Wno-implicit-atomic-properties -Werror\=deprecated-objc-isa-usage -Wno-objc-interface-ivars -Werror\=objc-root-class -Wno-arc-repeated-use-of-weak -Wimplicit-retain-self -Wduplicate-method-match -Wno-missing-braces -Wparentheses -Wswitch -Wunused-function -Wno-unused-label -Wno-unused-parameter -Wunused-variable -Wunused-value -Wempty-body -Wuninitialized -Wconditional-uninitialized -Wno-unknown-pragmas -Wno-shadow -Wno-four-char-constants -Wno-conversion -Wconstant-conversion -Wint-conversion -Wbool-conversion -Wenum-conversion -Wno-float-conversion -Wnon-literal-null-conversion -Wobjc-literal-conversion -Wshorten-64-to-32 -Wpointer-sign -Wno-newline-eof -Wno-selector -Wno-strict-selector-match -Wundeclared-selector -Wdeprecated-implementations -Wno-implicit-fallthrough -fstrict-aliasing -Wprotocol -Wdeprecated-declarations -Wno-sign-conversion -Winfinite-recursion -Wcomma -Wblock-capture-autoreleasing -Wstrict-prototypes -Wno-semicolon-before-method-body -Wunguarded-availability -index-store-path /Users/user2/Library/Developer/Xcode/DerivedData/Hermes-gayrmdhfnqltfgffycgkcqztcdfv/Index.noindex/DataStore -Wall @/Users/user2/Library/Developer/Xcode/DerivedData/Hermes-gayrmdhfnqltfgffycgkcqztcdfv/Build/Intermediates.noindex/Hermes.build/Debug/HermesTests.build/Objects-normal/arm64/e6072d4f65d7061329687fe24e3d63a7-common-args.resp -MMD -MT dependencies -MF /Users/user2/Library/Developer/Xcode/DerivedData/Hermes-gayrmdhfnqltfgffycgkcqztcdfv/Build/Intermediates.noindex/Hermes.build/Debug/HermesTests.build/Objects-normal/arm64/ASPlaylistRetryTests.d --serialize-diagnostics /Users/user2/Library/Developer/Xcode/DerivedData/Hermes-gayrmdhfnqltfgffycgkcqztcdfv/Build/Intermediates.noindex/Hermes.build/Debug/HermesTests.build/Objects-normal/arm64/ASPlaylistRetryTests.dia -c /Users/user2/Downloads/PersonalProgAppsWorking/Hermes-master/HermesTests/ASPlaylistRetryTests.m -o /Users/user2/Library/Developer/Xcode/DerivedData/Hermes-gayrmdhfnqltfgffycgkcqztcdfv/Build/Intermediates.noindex/Hermes.build/Debug/HermesTests.build/Objects-normal/arm64/ASPlaylistRetryTests.o -index-unit-output-path /Hermes.build/Debug/HermesTests.build/Objects-normal/arm64/ASPlaylistRetryTests.o

Ld /Users/user2/Library/Developer/Xcode/DerivedData/Hermes-gayrmdhfnqltfgffycgkcqztcdfv/Build/Products/Debug/Hermes.app/Contents/PlugIns/HermesTests.xctest/Contents/MacOS/HermesTests normal (in target 'HermesTests' from project 'Hermes')
    cd /Users/user2/Downloads/PersonalProgAppsWorking/Hermes-master
    /Applications/Xcode.app/Contents/Developer/Toolchains/XcodeDefault.xctoolchain/usr/bin/clang -Xlinker -reproducible -target arm64-apple-macos11.0 -bundle -isysroot /Applications/Xcode.app/Contents/Developer/Platforms/MacOSX.platform/Developer/SDKs/MacOSX15.5.sdk -O0 -L/Users/user2/Library/Developer/Xcode/DerivedData/Hermes-gayrmdhfnqltfgffycgkcqztcdfv/Build/Intermediates.noindex/EagerLinkingTBDs/Debug -L/Users/user2/Library/Developer/Xcode/DerivedData/Hermes-gayrmdhfnqltfgffycgkcqztcdfv/Build/Products/Debug -L/Applications/Xcode.app/Contents/Developer/Platforms/MacOSX.platform/Developer/usr/lib -F/Users/user2/Library/Developer/Xcode/DerivedData/Hermes-gayrmdhfnqltfgffycgkcqztcdfv/Build/Intermediates.noindex/EagerLinkingTBDs/Debug -F/Users/user2/Library/Developer/Xcode/DerivedData/Hermes-gayrmdhfnqltfgffycgkcqztcdfv/Build/Products/Debug -iframework /Applications/Xcode.app/Contents/Developer/Platforms/MacOSX.platform/Developer/Library/Frameworks -filelist /Users/user2/Library/Developer/Xcode/DerivedData/Hermes-gayrmdhfnqltfgffycgkcqztcdfv/Build/Intermediates.noindex/Hermes.build/Debug/HermesTests.build/Objects-normal/arm64/HermesTests.LinkFileList -Xlinker -rpath -Xlinker @loader_path/../Frameworks -Xlinker -rpath -Xlinker @executable_path/../Frameworks -dead_strip -bundle_loader /Users/user2/Library/Developer/Xcode/DerivedData/Hermes-gayrmdhfnqltfgffycgkcqztcdfv/Build/Products/Debug/Hermes.app/Contents/MacOS/Hermes -Xlinker -object_path_lto -Xlinker /Users/user2/Library/Developer/Xcode/DerivedData/Hermes-gayrmdhfnqltfgffycgkcqztcdfv/Build/Intermediates.noindex/Hermes.build/Debug/HermesTests.build/Objects-normal/arm64/HermesTests_lto.o -rdynamic -Xlinker -no_deduplicate -Xlinker -debug_variant -Xlinker -dependency_info -Xlinker /Users/user2/Library/Developer/Xcode/DerivedData/Hermes-gayrmdhfnqltfgffycgkcqztcdfv/Build/Intermediates.noindex/Hermes.build/Debug/HermesTests.build/Objects-normal/arm64/HermesTests_dependency_info.dat -fobjc-arc -fobjc-link-runtime -fprofile-instr-generate -L/Applications/Xcode.app/Contents/Developer/Toolchains/XcodeDefault.xctoolchain/usr/lib/swift/macosx -L/usr/lib/swift -Xlinker -add_ast_path -Xlinker /Users/user2/Library/Developer/Xcode/DerivedData/Hermes-gayrmdhfnqltfgffycgkcqztcdfv/Build/Intermediates.noindex/Hermes.build/Debug/HermesTests.build/Objects-normal/arm64/HermesTests.swiftmodule -framework XCTest -lXCTestSwiftSupport -Xlinker -no_adhoc_codesign -o /Users/user2/Library/Developer/Xcode/DerivedData/Hermes-gayrmdhfnqltfgffycgkcqztcdfv/Build/Products/Debug/Hermes.app/Contents/PlugIns/HermesTests.xctest/Contents/MacOS/HermesTests

CopySwiftLibs /Users/user2/Library/Developer/Xcode/DerivedData/Hermes-gayrmdhfnqltfgffycgkcqztcdfv/Build/Products/Debug/Hermes.app/Contents/PlugIns/HermesTests.xctest (in target 'HermesTests' from project 'Hermes')
    cd /Users/user2/Downloads/PersonalProgAppsWorking/Hermes-master
    builtin-swiftStdLibTool --copy --verbose --sign 7A8F39217C1F3C5B0073284622261E2CDF4234C7 --scan-executable /Users/user2/Library/Developer/Xcode/DerivedData/Hermes-gayrmdhfnqltfgffycgkcqztcdfv/Build/Products/Debug/Hermes.app/Contents/PlugIns/HermesTests.xctest/Contents/MacOS/HermesTests --scan-folder /Users/user2/Library/Developer/Xcode/DerivedData/Hermes-gayrmdhfnqltfgffycgkcqztcdfv/Build/Products/Debug/Hermes.app/Contents/PlugIns/HermesTests.xctest/Contents/Frameworks --scan-folder /Users/user2/Library/Developer/Xcode/DerivedData/Hermes-gayrmdhfnqltfgffycgkcqztcdfv/Build/Products/Debug/Hermes.app/Contents/PlugIns/HermesTests.xctest/Contents/PlugIns --scan-folder /Users/user2/Library/Developer/Xcode/DerivedData/Hermes-gayrmdhfnqltfgffycgkcqztcdfv/Build/Products/Debug/Hermes.app/Contents/PlugIns/HermesTests.xctest/Contents/Library/SystemExtensions --scan-folder /Users/user2/Library/Developer/Xcode/DerivedData/Hermes-gayrmdhfnqltfgffycgkcqztcdfv/Build/Products/Debug/Hermes.app/Contents/PlugIns/HermesTests.xctest/Contents/Extensions --platform macosx --toolchain /Applications/Xcode.app/Contents/Developer/Toolchains/XcodeDefault.xctoolchain --destination /Users/user2/Library/Developer/Xcode/DerivedData/Hermes-gayrmdhfnqltfgffycgkcqztcdfv/Build/Products/Debug/Hermes.app/Contents/PlugIns/HermesTests.xctest/Contents/Frameworks --strip-bitcode --scan-executable /Applications/Xcode.app/Contents/Developer/Platforms/MacOSX.platform/Developer/usr/lib/libXCTestSwiftSupport.dylib --strip-bitcode-tool /Applications/Xcode.app/Contents/Developer/Toolchains/XcodeDefault.xctoolchain/usr/bin/bitcode_strip --emit-dependency-info /Users/user2/Library/Developer/Xcode/DerivedData/Hermes-gayrmdhfnqltfgffycgkcqztcdfv/Build/Intermediates.noindex/Hermes.build/Debug/HermesTests.build/SwiftStdLibToolInputDependencies.dep
libswiftCoreGraphics.dylib is up to date at /Users/user2/Library/Developer/Xcode/DerivedData/Hermes-gayrmdhfnqltfgffycgkcqztcdfv/Build/Products/Debug/Hermes.app/Contents/PlugIns/HermesTests.xctest/Contents/Frameworks/libswiftCoreGraphics.dylib
libswiftCore.dylib is up to date at /Users/user2/Library/Developer/Xcode/DerivedData/Hermes-gayrmdhfnqltfgffycgkcqztcdfv/Build/Products/Debug/Hermes.app/Contents/PlugIns/HermesTests.xctest/Contents/Frameworks/libswiftCore.dylib
libswiftsimd.dylib is up to date at /Users/user2/Library/Developer/Xcode/DerivedData/Hermes-gayrmdhfnqltfgffycgkcqztcdfv/Build/Products/Debug/Hermes.app/Contents/PlugIns/HermesTests.xctest/Contents/Frameworks/libswiftsimd.dylib
libswiftDarwin.dylib is up to date at /Users/user2/Library/Developer/Xcode/DerivedData/Hermes-gayrmdhfnqltfgffycgkcqztcdfv/Build/Products/Debug/Hermes.app/Contents/PlugIns/HermesTests.xctest/Contents/Frameworks/libswiftDarwin.dylib
libswiftIOKit.dylib is up to date at /Users/user2/Library/Developer/Xcode/DerivedData/Hermes-gayrmdhfnqltfgffycgkcqztcdfv/Build/Products/Debug/Hermes.app/Contents/PlugIns/HermesTests.xctest/Contents/Frameworks/libswiftIOKit.dylib
libswiftos.dylib is up to date at /Users/user2/Library/Developer/Xcode/DerivedData/Hermes-gayrmdhfnqltfgffycgkcqztcdfv/Build/Products/Debug/Hermes.app/Contents/PlugIns/HermesTests.xctest/Contents/Frameworks/libswiftos.dylib
libswiftCoreImage.dylib is up to date at /Users/user2/Library/Developer/Xcode/DerivedData/Hermes-gayrmdhfnqltfgffycgkcqztcdfv/Build/Products/Debug/Hermes.app/Contents/PlugIns/HermesTests.xctest/Contents/Frameworks/libswiftCoreImage.dylib
libswiftFoundation.dylib is up to date at /Users/user2/Library/Developer/Xcode/DerivedData/Hermes-gayrmdhfnqltfgffycgkcqztcdfv/Build/Products/Debug/Hermes.app/Contents/PlugIns/HermesTests.xctest/Contents/Frameworks/libswiftFoundation.dylib
libswiftXPC.dylib is up to date at /Users/user2/Library/Developer/Xcode/DerivedData/Hermes-gayrmdhfnqltfgffycgkcqztcdfv/Build/Products/Debug/Hermes.app/Contents/PlugIns/HermesTests.xctest/Contents/Frameworks/libswiftXPC.dylib
libswiftMetal.dylib is up to date at /Users/user2/Library/Developer/Xcode/DerivedData/Hermes-gayrmdhfnqltfgffycgkcqztcdfv/Build/Products/Debug/Hermes.app/Contents/PlugIns/HermesTests.xctest/Contents/Frameworks/libswiftMetal.dylib
libswiftDispatch.dylib is up to date at /Users/user2/Library/Developer/Xcode/DerivedData/Hermes-gayrmdhfnqltfgffycgkcqztcdfv/Build/Products/Debug/Hermes.app/Contents/PlugIns/HermesTests.xctest/Contents/Frameworks/libswiftDispatch.dylib
libswiftCoreFoundation.dylib is up to date at /Users/user2/Library/Developer/Xcode/DerivedData/Hermes-gayrmdhfnqltfgffycgkcqztcdfv/Build/Products/Debug/Hermes.app/Contents/PlugIns/HermesTests.xctest/Contents/Frameworks/libswiftCoreFoundation.dylib
libswift_Concurrency.dylib is up to date at /Users/user2/Library/Developer/Xcode/DerivedData/Hermes-gayrmdhfnqltfgffycgkcqztcdfv/Build/Products/Debug/Hermes.app/Contents/PlugIns/HermesTests.xctest/Contents/Frameworks/libswift_Concurrency.dylib
libswiftObjectiveC.dylib is up to date at /Users/user2/Library/Developer/Xcode/DerivedData/Hermes-gayrmdhfnqltfgffycgkcqztcdfv/Build/Products/Debug/Hermes.app/Contents/PlugIns/HermesTests.xctest/Contents/Frameworks/libswiftObjectiveC.dylib
libswiftQuartzCore.dylib is up to date at /Users/user2/Library/Developer/Xcode/DerivedData/Hermes-gayrmdhfnqltfgffycgkcqztcdfv/Build/Products/Debug/Hermes.app/Contents/PlugIns/HermesTests.xctest/Contents/Frameworks/libswiftQuartzCore.dylib
Probing signature of /Users/user2/Library/Developer/Xcode/DerivedData/Hermes-gayrmdhfnqltfgffycgkcqztcdfv/Build/Products/Debug/Hermes.app/Contents/PlugIns/HermesTests.xctest/Contents/Frameworks/libswiftCoreGraphics.dylib
/usr/bin/codesign -r- --display /Users/user2/Library/Developer/Xcode/DerivedData/Hermes-gayrmdhfnqltfgffycgkcqztcdfv/Build/Products/Debug/Hermes.app/Contents/PlugIns/HermesTests.xctest/Contents/Frameworks/libswiftCoreGraphics.dylib
Codesigning /Users/user2/Library/Developer/Xcode/DerivedData/Hermes-gayrmdhfnqltfgffycgkcqztcdfv/Build/Products/Debug/Hermes.app/Contents/PlugIns/HermesTests.xctest/Contents/Frameworks/libswiftCoreGraphics.dylib
/usr/bin/codesign --force --sign 7A8F39217C1F3C5B0073284622261E2CDF4234C7 --verbose /Users/user2/Library/Developer/Xcode/DerivedData/Hermes-gayrmdhfnqltfgffycgkcqztcdfv/Build/Products/Debug/Hermes.app/Contents/PlugIns/HermesTests.xctest/Contents/Frameworks/libswiftCoreGraphics.dylib
Probing signature of /Users/user2/Library/Developer/Xcode/DerivedData/Hermes-gayrmdhfnqltfgffycgkcqztcdfv/Build/Products/Debug/Hermes.app/Contents/PlugIns/HermesTests.xctest/Contents/Frameworks/libswiftCoreGraphics.dylib
/usr/bin/codesign -r- --display /Users/user2/Library/Developer/Xcode/DerivedData/Hermes-gayrmdhfnqltfgffycgkcqztcdfv/Build/Products/Debug/Hermes.app/Contents/PlugIns/HermesTests.xctest/Contents/Frameworks/libswiftCoreGraphics.dylib
Code signature of /Users/user2/Library/Developer/Xcode/DerivedData/Hermes-gayrmdhfnqltfgffycgkcqztcdfv/Build/Products/Debug/Hermes.app/Contents/PlugIns/HermesTests.xctest/Contents/Frameworks/libswiftCoreGraphics.dylib is unchanged; keeping original
Probing signature of /Users/user2/Library/Developer/Xcode/DerivedData/Hermes-gayrmdhfnqltfgffycgkcqztcdfv/Build/Products/Debug/Hermes.app/Contents/PlugIns/HermesTests.xctest/Contents/Frameworks/libswiftCore.dylib
Probing signature of /Users/user2/Library/Developer/Xcode/DerivedData/Hermes-gayrmdhfnqltfgffycgkcqztcdfv/Build/Products/Debug/Hermes.app/Contents/PlugIns/HermesTests.xctest/Contents/Frameworks/libswiftCoreImage.dylib
/usr/bin/codesign -r- --display /Users/user2/Library/Developer/Xcode/DerivedData/Hermes-gayrmdhfnqltfgffycgkcqztcdfv/Build/Products/Debug/Hermes.app/Contents/PlugIns/HermesTests.xctest/Contents/Frameworks/libswiftCoreImage.dylib
/usr/bin/codesign -r- --display /Users/user2/Library/Developer/Xcode/DerivedData/Hermes-gayrmdhfnqltfgffycgkcqztcdfv/Build/Products/Debug/Hermes.app/Contents/PlugIns/HermesTests.xctest/Contents/Frameworks/libswiftCore.dylib
Probing signature of /Users/user2/Library/Developer/Xcode/DerivedData/Hermes-gayrmdhfnqltfgffycgkcqztcdfv/Build/Products/Debug/Hermes.app/Contents/PlugIns/HermesTests.xctest/Contents/Frameworks/libswiftXPC.dylib
/usr/bin/codesign -r- --display /Users/user2/Library/Developer/Xcode/DerivedData/Hermes-gayrmdhfnqltfgffycgkcqztcdfv/Build/Products/Debug/Hermes.app/Contents/PlugIns/HermesTests.xctest/Contents/Frameworks/libswiftXPC.dylib
Probing signature of /Users/user2/Library/Developer/Xcode/DerivedData/Hermes-gayrmdhfnqltfgffycgkcqztcdfv/Build/Products/Debug/Hermes.app/Contents/PlugIns/HermesTests.xctest/Contents/Frameworks/libswiftsimd.dylib
/usr/bin/codesign -r- --display /Users/user2/Library/Developer/Xcode/DerivedData/Hermes-gayrmdhfnqltfgffycgkcqztcdfv/Build/Products/Debug/Hermes.app/Contents/PlugIns/HermesTests.xctest/Contents/Frameworks/libswiftsimd.dylib
Probing signature of /Users/user2/Library/Developer/Xcode/DerivedData/Hermes-gayrmdhfnqltfgffycgkcqztcdfv/Build/Products/Debug/Hermes.app/Contents/PlugIns/HermesTests.xctest/Contents/Frameworks/libswiftos.dylib
/usr/bin/codesign -r- --display /Users/user2/Library/Developer/Xcode/DerivedData/Hermes-gayrmdhfnqltfgffycgkcqztcdfv/Build/Products/Debug/Hermes.app/Contents/PlugIns/HermesTests.xctest/Contents/Frameworks/libswiftos.dylib
Probing signature of /Users/user2/Library/Developer/Xcode/DerivedData/Hermes-gayrmdhfnqltfgffycgkcqztcdfv/Build/Products/Debug/Hermes.app/Contents/PlugIns/HermesTests.xctest/Contents/Frameworks/libswiftDispatch.dylib
/usr/bin/codesign -r- --display /Users/user2/Library/Developer/Xcode/DerivedData/Hermes-gayrmdhfnqltfgffycgkcqztcdfv/Build/Products/Debug/Hermes.app/Contents/PlugIns/HermesTests.xctest/Contents/Frameworks/libswiftDispatch.dylib
Probing signature of /Users/user2/Library/Developer/Xcode/DerivedData/Hermes-gayrmdhfnqltfgffycgkcqztcdfv/Build/Products/Debug/Hermes.app/Contents/PlugIns/HermesTests.xctest/Contents/Frameworks/libswiftFoundation.dylib
/usr/bin/codesign -r- --display /Users/user2/Library/Developer/Xcode/DerivedData/Hermes-gayrmdhfnqltfgffycgkcqztcdfv/Build/Products/Debug/Hermes.app/Contents/PlugIns/HermesTests.xctest/Contents/Frameworks/libswiftFoundation.dylib
Probing signature of /Users/user2/Library/Developer/Xcode/DerivedData/Hermes-gayrmdhfnqltfgffycgkcqztcdfv/Build/Products/Debug/Hermes.app/Contents/PlugIns/HermesTests.xctest/Contents/Frameworks/libswiftMetal.dylib
/usr/bin/codesign -r- --display /Users/user2/Library/Developer/Xcode/DerivedData/Hermes-gayrmdhfnqltfgffycgkcqztcdfv/Build/Products/Debug/Hermes.app/Contents/PlugIns/HermesTests.xctest/Contents/Frameworks/libswiftMetal.dylib
Probing signature of /Users/user2/Library/Developer/Xcode/DerivedData/Hermes-gayrmdhfnqltfgffycgkcqztcdfv/Build/Products/Debug/Hermes.app/Contents/PlugIns/HermesTests.xctest/Contents/Frameworks/libswiftObjectiveC.dylib
/usr/bin/codesign -r- --display /Users/user2/Library/Developer/Xcode/DerivedData/Hermes-gayrmdhfnqltfgffycgkcqztcdfv/Build/Products/Debug/Hermes.app/Contents/PlugIns/HermesTests.xctest/Contents/Frameworks/libswiftObjectiveC.dylib
Probing signature of /Users/user2/Library/Developer/Xcode/DerivedData/Hermes-gayrmdhfnqltfgffycgkcqztcdfv/Build/Products/Debug/Hermes.app/Contents/PlugIns/HermesTests.xctest/Contents/Frameworks/libswiftIOKit.dylib
/usr/bin/codesign -r- --display /Users/user2/Library/Developer/Xcode/DerivedData/Hermes-gayrmdhfnqltfgffycgkcqztcdfv/Build/Products/Debug/Hermes.app/Contents/PlugIns/HermesTests.xctest/Contents/Frameworks/libswiftIOKit.dylib
Probing signature of /Users/user2/Library/Developer/Xcode/DerivedData/Hermes-gayrmdhfnqltfgffycgkcqztcdfv/Build/Products/Debug/Hermes.app/Contents/PlugIns/HermesTests.xctest/Contents/Frameworks/libswift_Concurrency.dylib
/usr/bin/codesign -r- --display /Users/user2/Library/Developer/Xcode/DerivedData/Hermes-gayrmdhfnqltfgffycgkcqztcdfv/Build/Products/Debug/Hermes.app/Contents/PlugIns/HermesTests.xctest/Contents/Frameworks/libswift_Concurrency.dylib
Probing signature of /Users/user2/Library/Developer/Xcode/DerivedData/Hermes-gayrmdhfnqltfgffycgkcqztcdfv/Build/Products/Debug/Hermes.app/Contents/PlugIns/HermesTests.xctest/Contents/Frameworks/libswiftCoreFoundation.dylib
/usr/bin/codesign -r- --display /Users/user2/Library/Developer/Xcode/DerivedData/Hermes-gayrmdhfnqltfgffycgkcqztcdfv/Build/Products/Debug/Hermes.app/Contents/PlugIns/HermesTests.xctest/Contents/Frameworks/libswiftCoreFoundation.dylib
Probing signature of /Users/user2/Library/Developer/Xcode/DerivedData/Hermes-gayrmdhfnqltfgffycgkcqztcdfv/Build/Products/Debug/Hermes.app/Contents/PlugIns/HermesTests.xctest/Contents/Frameworks/libswiftDarwin.dylib
/usr/bin/codesign -r- --display /Users/user2/Library/Developer/Xcode/DerivedData/Hermes-gayrmdhfnqltfgffycgkcqztcdfv/Build/Products/Debug/Hermes.app/Contents/PlugIns/HermesTests.xctest/Contents/Frameworks/libswiftDarwin.dylib
Probing signature of /Users/user2/Library/Developer/Xcode/DerivedData/Hermes-gayrmdhfnqltfgffycgkcqztcdfv/Build/Products/Debug/Hermes.app/Contents/PlugIns/HermesTests.xctest/Contents/Frameworks/libswiftQuartzCore.dylib
/usr/bin/codesign -r- --display /Users/user2/Library/Developer/Xcode/DerivedData/Hermes-gayrmdhfnqltfgffycgkcqztcdfv/Build/Products/Debug/Hermes.app/Contents/PlugIns/HermesTests.xctest/Contents/Frameworks/libswiftQuartzCore.dylib
Codesigning /Users/user2/Library/Developer/Xcode/DerivedData/Hermes-gayrmdhfnqltfgffycgkcqztcdfv/Build/Products/Debug/Hermes.app/Contents/PlugIns/HermesTests.xctest/Contents/Frameworks/libswiftCoreImage.dylib
/usr/bin/codesign --force --sign 7A8F39217C1F3C5B0073284622261E2CDF4234C7 --verbose /Users/user2/Library/Developer/Xcode/DerivedData/Hermes-gayrmdhfnqltfgffycgkcqztcdfv/Build/Products/Debug/Hermes.app/Contents/PlugIns/HermesTests.xctest/Contents/Frameworks/libswiftCoreImage.dylib
Codesigning /Users/user2/Library/Developer/Xcode/DerivedData/Hermes-gayrmdhfnqltfgffycgkcqztcdfv/Build/Products/Debug/Hermes.app/Contents/PlugIns/HermesTests.xctest/Contents/Frameworks/libswiftsimd.dylib
/usr/bin/codesign --force --sign 7A8F39217C1F3C5B0073284622261E2CDF4234C7 --verbose /Users/user2/Library/Developer/Xcode/DerivedData/Hermes-gayrmdhfnqltfgffycgkcqztcdfv/Build/Products/Debug/Hermes.app/Contents/PlugIns/HermesTests.xctest/Contents/Frameworks/libswiftsimd.dylib
Codesigning /Users/user2/Library/Developer/Xcode/DerivedData/Hermes-gayrmdhfnqltfgffycgkcqztcdfv/Build/Products/Debug/Hermes.app/Contents/PlugIns/HermesTests.xctest/Contents/Frameworks/libswiftos.dylib
/usr/bin/codesign --force --sign 7A8F39217C1F3C5B0073284622261E2CDF4234C7 --verbose /Users/user2/Library/Developer/Xcode/DerivedData/Hermes-gayrmdhfnqltfgffycgkcqztcdfv/Build/Products/Debug/Hermes.app/Contents/PlugIns/HermesTests.xctest/Contents/Frameworks/libswiftos.dylib
Codesigning /Users/user2/Library/Developer/Xcode/DerivedData/Hermes-gayrmdhfnqltfgffycgkcqztcdfv/Build/Products/Debug/Hermes.app/Contents/PlugIns/HermesTests.xctest/Contents/Frameworks/libswiftFoundation.dylib
/usr/bin/codesign --force --sign 7A8F39217C1F3C5B0073284622261E2CDF4234C7 --verbose /Users/user2/Library/Developer/Xcode/DerivedData/Hermes-gayrmdhfnqltfgffycgkcqztcdfv/Build/Products/Debug/Hermes.app/Contents/PlugIns/HermesTests.xctest/Contents/Frameworks/libswiftFoundation.dylib
Codesigning /Users/user2/Library/Developer/Xcode/DerivedData/Hermes-gayrmdhfnqltfgffycgkcqztcdfv/Build/Products/Debug/Hermes.app/Contents/PlugIns/HermesTests.xctest/Contents/Frameworks/libswiftXPC.dylib
/usr/bin/codesign --force --sign 7A8F39217C1F3C5B0073284622261E2CDF4234C7 --verbose /Users/user2/Library/Developer/Xcode/DerivedData/Hermes-gayrmdhfnqltfgffycgkcqztcdfv/Build/Products/Debug/Hermes.app/Contents/PlugIns/HermesTests.xctest/Contents/Frameworks/libswiftXPC.dylib
Codesigning /Users/user2/Library/Developer/Xcode/DerivedData/Hermes-gayrmdhfnqltfgffycgkcqztcdfv/Build/Products/Debug/Hermes.app/Contents/PlugIns/HermesTests.xctest/Contents/Frameworks/libswiftDispatch.dylib
/usr/bin/codesign --force --sign 7A8F39217C1F3C5B0073284622261E2CDF4234C7 --verbose /Users/user2/Library/Developer/Xcode/DerivedData/Hermes-gayrmdhfnqltfgffycgkcqztcdfv/Build/Products/Debug/Hermes.app/Contents/PlugIns/HermesTests.xctest/Contents/Frameworks/libswiftDispatch.dylib
Codesigning /Users/user2/Library/Developer/Xcode/DerivedData/Hermes-gayrmdhfnqltfgffycgkcqztcdfv/Build/Products/Debug/Hermes.app/Contents/PlugIns/HermesTests.xctest/Contents/Frameworks/libswiftMetal.dylib
/usr/bin/codesign --force --sign 7A8F39217C1F3C5B0073284622261E2CDF4234C7 --verbose /Users/user2/Library/Developer/Xcode/DerivedData/Hermes-gayrmdhfnqltfgffycgkcqztcdfv/Build/Products/Debug/Hermes.app/Contents/PlugIns/HermesTests.xctest/Contents/Frameworks/libswiftMetal.dylib
Codesigning /Users/user2/Library/Developer/Xcode/DerivedData/Hermes-gayrmdhfnqltfgffycgkcqztcdfv/Build/Products/Debug/Hermes.app/Contents/PlugIns/HermesTests.xctest/Contents/Frameworks/libswiftIOKit.dylib
/usr/bin/codesign --force --sign 7A8F39217C1F3C5B0073284622261E2CDF4234C7 --verbose /Users/user2/Library/Developer/Xcode/DerivedData/Hermes-gayrmdhfnqltfgffycgkcqztcdfv/Build/Products/Debug/Hermes.app/Contents/PlugIns/HermesTests.xctest/Contents/Frameworks/libswiftIOKit.dylib
Codesigning /Users/user2/Library/Developer/Xcode/DerivedData/Hermes-gayrmdhfnqltfgffycgkcqztcdfv/Build/Products/Debug/Hermes.app/Contents/PlugIns/HermesTests.xctest/Contents/Frameworks/libswift_Concurrency.dylib
/usr/bin/codesign --force --sign 7A8F39217C1F3C5B0073284622261E2CDF4234C7 --verbose /Users/user2/Library/Developer/Xcode/DerivedData/Hermes-gayrmdhfnqltfgffycgkcqztcdfv/Build/Products/Debug/Hermes.app/Contents/PlugIns/HermesTests.xctest/Contents/Frameworks/libswift_Concurrency.dylib
Codesigning /Users/user2/Library/Developer/Xcode/DerivedData/Hermes-gayrmdhfnqltfgffycgkcqztcdfv/Build/Products/Debug/Hermes.app/Contents/PlugIns/HermesTests.xctest/Contents/Frameworks/libswiftDarwin.dylib
/usr/bin/codesign --force --sign 7A8F39217C1F3C5B0073284622261E2CDF4234C7 --verbose /Users/user2/Library/Developer/Xcode/DerivedData/Hermes-gayrmdhfnqltfgffycgkcqztcdfv/Build/Products/Debug/Hermes.app/Contents/PlugIns/HermesTests.xctest/Contents/Frameworks/libswiftDarwin.dylib
Codesigning /Users/user2/Library/Developer/Xcode/DerivedData/Hermes-gayrmdhfnqltfgffycgkcqztcdfv/Build/Products/Debug/Hermes.app/Contents/PlugIns/HermesTests.xctest/Contents/Frameworks/libswiftObjectiveC.dylib
/usr/bin/codesign --force --sign 7A8F39217C1F3C5B0073284622261E2CDF4234C7 --verbose /Users/user2/Library/Developer/Xcode/DerivedData/Hermes-gayrmdhfnqltfgffycgkcqztcdfv/Build/Products/Debug/Hermes.app/Contents/PlugIns/HermesTests.xctest/Contents/Frameworks/libswiftObjectiveC.dylib
Codesigning /Users/user2/Library/Developer/Xcode/DerivedData/Hermes-gayrmdhfnqltfgffycgkcqztcdfv/Build/Products/Debug/Hermes.app/Contents/PlugIns/HermesTests.xctest/Contents/Frameworks/libswiftCore.dylib
/usr/bin/codesign --force --sign 7A8F39217C1F3C5B0073284622261E2CDF4234C7 --verbose /Users/user2/Library/Developer/Xcode/DerivedData/Hermes-gayrmdhfnqltfgffycgkcqztcdfv/Build/Products/Debug/Hermes.app/Contents/PlugIns/HermesTests.xctest/Contents/Frameworks/libswiftCore.dylib
Codesigning /Users/user2/Library/Developer/Xcode/DerivedData/Hermes-gayrmdhfnqltfgffycgkcqztcdfv/Build/Products/Debug/Hermes.app/Contents/PlugIns/HermesTests.xctest/Contents/Frameworks/libswiftQuartzCore.dylib
/usr/bin/codesign --force --sign 7A8F39217C1F3C5B0073284622261E2CDF4234C7 --verbose /Users/user2/Library/Developer/Xcode/DerivedData/Hermes-gayrmdhfnqltfgffycgkcqztcdfv/Build/Products/Debug/Hermes.app/Contents/PlugIns/HermesTests.xctest/Contents/Frameworks/libswiftQuartzCore.dylib
Codesigning /Users/user2/Library/Developer/Xcode/DerivedData/Hermes-gayrmdhfnqltfgffycgkcqztcdfv/Build/Products/Debug/Hermes.app/Contents/PlugIns/HermesTests.xctest/Contents/Frameworks/libswiftCoreFoundation.dylib
/usr/bin/codesign --force --sign 7A8F39217C1F3C5B0073284622261E2CDF4234C7 --verbose /Users/user2/Library/Developer/Xcode/DerivedData/Hermes-gayrmdhfnqltfgffycgkcqztcdfv/Build/Products/Debug/Hermes.app/Contents/PlugIns/HermesTests.xctest/Contents/Frameworks/libswiftCoreFoundation.dylib
Probing signature of /Users/user2/Library/Developer/Xcode/DerivedData/Hermes-gayrmdhfnqltfgffycgkcqztcdfv/Build/Products/Debug/Hermes.app/Contents/PlugIns/HermesTests.xctest/Contents/Frameworks/libswiftos.dylib
/usr/bin/codesign -r- --display /Users/user2/Library/Developer/Xcode/DerivedData/Hermes-gayrmdhfnqltfgffycgkcqztcdfv/Build/Products/Debug/Hermes.app/Contents/PlugIns/HermesTests.xctest/Contents/Frameworks/libswiftos.dylib
Probing signature of /Users/user2/Library/Developer/Xcode/DerivedData/Hermes-gayrmdhfnqltfgffycgkcqztcdfv/Build/Products/Debug/Hermes.app/Contents/PlugIns/HermesTests.xctest/Contents/Frameworks/libswiftsimd.dylib
/usr/bin/codesign -r- --display /Users/user2/Library/Developer/Xcode/DerivedData/Hermes-gayrmdhfnqltfgffycgkcqztcdfv/Build/Products/Debug/Hermes.app/Contents/PlugIns/HermesTests.xctest/Contents/Frameworks/libswiftsimd.dylib
Code signature of /Users/user2/Library/Developer/Xcode/DerivedData/Hermes-gayrmdhfnqltfgffycgkcqztcdfv/Build/Products/Debug/Hermes.app/Contents/PlugIns/HermesTests.xctest/Contents/Frameworks/libswiftos.dylib is unchanged; keeping original
Probing signature of /Users/user2/Library/Developer/Xcode/DerivedData/Hermes-gayrmdhfnqltfgffycgkcqztcdfv/Build/Products/Debug/Hermes.app/Contents/PlugIns/HermesTests.xctest/Contents/Frameworks/libswiftXPC.dylib
/usr/bin/codesign -r- --display /Users/user2/Library/Developer/Xcode/DerivedData/Hermes-gayrmdhfnqltfgffycgkcqztcdfv/Build/Products/Debug/Hermes.app/Contents/PlugIns/HermesTests.xctest/Contents/Frameworks/libswiftXPC.dylib
Code signature of /Users/user2/Library/Developer/Xcode/DerivedData/Hermes-gayrmdhfnqltfgffycgkcqztcdfv/Build/Products/Debug/Hermes.app/Contents/PlugIns/HermesTests.xctest/Contents/Frameworks/libswiftsimd.dylib is unchanged; keeping original
Probing signature of /Users/user2/Library/Developer/Xcode/DerivedData/Hermes-gayrmdhfnqltfgffycgkcqztcdfv/Build/Products/Debug/Hermes.app/Contents/PlugIns/HermesTests.xctest/Contents/Frameworks/libswiftFoundation.dylib
/usr/bin/codesign -r- --display /Users/user2/Library/Developer/Xcode/DerivedData/Hermes-gayrmdhfnqltfgffycgkcqztcdfv/Build/Products/Debug/Hermes.app/Contents/PlugIns/HermesTests.xctest/Contents/Frameworks/libswiftFoundation.dylib
Code signature of /Users/user2/Library/Developer/Xcode/DerivedData/Hermes-gayrmdhfnqltfgffycgkcqztcdfv/Build/Products/Debug/Hermes.app/Contents/PlugIns/HermesTests.xctest/Contents/Frameworks/libswiftXPC.dylib is unchanged; keeping original
Probing signature of /Users/user2/Library/Developer/Xcode/DerivedData/Hermes-gayrmdhfnqltfgffycgkcqztcdfv/Build/Products/Debug/Hermes.app/Contents/PlugIns/HermesTests.xctest/Contents/Frameworks/libswiftCoreImage.dylib
/usr/bin/codesign -r- --display /Users/user2/Library/Developer/Xcode/DerivedData/Hermes-gayrmdhfnqltfgffycgkcqztcdfv/Build/Products/Debug/Hermes.app/Contents/PlugIns/HermesTests.xctest/Contents/Frameworks/libswiftCoreImage.dylib
Code signature of /Users/user2/Library/Developer/Xcode/DerivedData/Hermes-gayrmdhfnqltfgffycgkcqztcdfv/Build/Products/Debug/Hermes.app/Contents/PlugIns/HermesTests.xctest/Contents/Frameworks/libswiftFoundation.dylib is unchanged; keeping original
Code signature of /Users/user2/Library/Developer/Xcode/DerivedData/Hermes-gayrmdhfnqltfgffycgkcqztcdfv/Build/Products/Debug/Hermes.app/Contents/PlugIns/HermesTests.xctest/Contents/Frameworks/libswiftCoreImage.dylib is unchanged; keeping original
Probing signature of /Users/user2/Library/Developer/Xcode/DerivedData/Hermes-gayrmdhfnqltfgffycgkcqztcdfv/Build/Products/Debug/Hermes.app/Contents/PlugIns/HermesTests.xctest/Contents/Frameworks/libswiftObjectiveC.dylib
/usr/bin/codesign -r- --display /Users/user2/Library/Developer/Xcode/DerivedData/Hermes-gayrmdhfnqltfgffycgkcqztcdfv/Build/Products/Debug/Hermes.app/Contents/PlugIns/HermesTests.xctest/Contents/Frameworks/libswiftObjectiveC.dylib
Probing signature of /Users/user2/Library/Developer/Xcode/DerivedData/Hermes-gayrmdhfnqltfgffycgkcqztcdfv/Build/Products/Debug/Hermes.app/Contents/PlugIns/HermesTests.xctest/Contents/Frameworks/libswiftMetal.dylib
/usr/bin/codesign -r- --display /Users/user2/Library/Developer/Xcode/DerivedData/Hermes-gayrmdhfnqltfgffycgkcqztcdfv/Build/Products/Debug/Hermes.app/Contents/PlugIns/HermesTests.xctest/Contents/Frameworks/libswiftMetal.dylib
Code signature of /Users/user2/Library/Developer/Xcode/DerivedData/Hermes-gayrmdhfnqltfgffycgkcqztcdfv/Build/Products/Debug/Hermes.app/Contents/PlugIns/HermesTests.xctest/Contents/Frameworks/libswiftObjectiveC.dylib is unchanged; keeping original
Probing signature of /Users/user2/Library/Developer/Xcode/DerivedData/Hermes-gayrmdhfnqltfgffycgkcqztcdfv/Build/Products/Debug/Hermes.app/Contents/PlugIns/HermesTests.xctest/Contents/Frameworks/libswiftDispatch.dylib
/usr/bin/codesign -r- --display /Users/user2/Library/Developer/Xcode/DerivedData/Hermes-gayrmdhfnqltfgffycgkcqztcdfv/Build/Products/Debug/Hermes.app/Contents/PlugIns/HermesTests.xctest/Contents/Frameworks/libswiftDispatch.dylib
Probing signature of /Users/user2/Library/Developer/Xcode/DerivedData/Hermes-gayrmdhfnqltfgffycgkcqztcdfv/Build/Products/Debug/Hermes.app/Contents/PlugIns/HermesTests.xctest/Contents/Frameworks/libswiftIOKit.dylib
/usr/bin/codesign -r- --display /Users/user2/Library/Developer/Xcode/DerivedData/Hermes-gayrmdhfnqltfgffycgkcqztcdfv/Build/Products/Debug/Hermes.app/Contents/PlugIns/HermesTests.xctest/Contents/Frameworks/libswiftIOKit.dylib
Code signature of /Users/user2/Library/Developer/Xcode/DerivedData/Hermes-gayrmdhfnqltfgffycgkcqztcdfv/Build/Products/Debug/Hermes.app/Contents/PlugIns/HermesTests.xctest/Contents/Frameworks/libswiftMetal.dylib is unchanged; keeping original
Probing signature of /Users/user2/Library/Developer/Xcode/DerivedData/Hermes-gayrmdhfnqltfgffycgkcqztcdfv/Build/Products/Debug/Hermes.app/Contents/PlugIns/HermesTests.xctest/Contents/Frameworks/libswiftDarwin.dylib
/usr/bin/codesign -r- --display /Users/user2/Library/Developer/Xcode/DerivedData/Hermes-gayrmdhfnqltfgffycgkcqztcdfv/Build/Products/Debug/Hermes.app/Contents/PlugIns/HermesTests.xctest/Contents/Frameworks/libswiftDarwin.dylib
Code signature of /Users/user2/Library/Developer/Xcode/DerivedData/Hermes-gayrmdhfnqltfgffycgkcqztcdfv/Build/Products/Debug/Hermes.app/Contents/PlugIns/HermesTests.xctest/Contents/Frameworks/libswiftDispatch.dylib is unchanged; keeping original
Code signature of /Users/user2/Library/Developer/Xcode/DerivedData/Hermes-gayrmdhfnqltfgffycgkcqztcdfv/Build/Products/Debug/Hermes.app/Contents/PlugIns/HermesTests.xctest/Contents/Frameworks/libswiftIOKit.dylib is unchanged; keeping original
Probing signature of /Users/user2/Library/Developer/Xcode/DerivedData/Hermes-gayrmdhfnqltfgffycgkcqztcdfv/Build/Products/Debug/Hermes.app/Contents/PlugIns/HermesTests.xctest/Contents/Frameworks/libswiftCoreFoundation.dylib
/usr/bin/codesign -r- --display /Users/user2/Library/Developer/Xcode/DerivedData/Hermes-gayrmdhfnqltfgffycgkcqztcdfv/Build/Products/Debug/Hermes.app/Contents/PlugIns/HermesTests.xctest/Contents/Frameworks/libswiftCoreFoundation.dylib
Code signature of /Users/user2/Library/Developer/Xcode/DerivedData/Hermes-gayrmdhfnqltfgffycgkcqztcdfv/Build/Products/Debug/Hermes.app/Contents/PlugIns/HermesTests.xctest/Contents/Frameworks/libswiftDarwin.dylib is unchanged; keeping original
Probing signature of /Users/user2/Library/Developer/Xcode/DerivedData/Hermes-gayrmdhfnqltfgffycgkcqztcdfv/Build/Products/Debug/Hermes.app/Contents/PlugIns/HermesTests.xctest/Contents/Frameworks/libswiftQuartzCore.dylib
/usr/bin/codesign -r- --display /Users/user2/Library/Developer/Xcode/DerivedData/Hermes-gayrmdhfnqltfgffycgkcqztcdfv/Build/Products/Debug/Hermes.app/Contents/PlugIns/HermesTests.xctest/Contents/Frameworks/libswiftQuartzCore.dylib
Code signature of /Users/user2/Library/Developer/Xcode/DerivedData/Hermes-gayrmdhfnqltfgffycgkcqztcdfv/Build/Products/Debug/Hermes.app/Contents/PlugIns/HermesTests.xctest/Contents/Frameworks/libswiftCoreFoundation.dylib is unchanged; keeping original
Probing signature of /Users/user2/Library/Developer/Xcode/DerivedData/Hermes-gayrmdhfnqltfgffycgkcqztcdfv/Build/Products/Debug/Hermes.app/Contents/PlugIns/HermesTests.xctest/Contents/Frameworks/libswift_Concurrency.dylib
/usr/bin/codesign -r- --display /Users/user2/Library/Developer/Xcode/DerivedData/Hermes-gayrmdhfnqltfgffycgkcqztcdfv/Build/Products/Debug/Hermes.app/Contents/PlugIns/HermesTests.xctest/Contents/Frameworks/libswift_Concurrency.dylib
Code signature of /Users/user2/Library/Developer/Xcode/DerivedData/Hermes-gayrmdhfnqltfgffycgkcqztcdfv/Build/Products/Debug/Hermes.app/Contents/PlugIns/HermesTests.xctest/Contents/Frameworks/libswiftQuartzCore.dylib is unchanged; keeping original
Probing signature of /Users/user2/Library/Developer/Xcode/DerivedData/Hermes-gayrmdhfnqltfgffycgkcqztcdfv/Build/Products/Debug/Hermes.app/Contents/PlugIns/HermesTests.xctest/Contents/Frameworks/libswiftCore.dylib
/usr/bin/codesign -r- --display /Users/user2/Library/Developer/Xcode/DerivedData/Hermes-gayrmdhfnqltfgffycgkcqztcdfv/Build/Products/Debug/Hermes.app/Contents/PlugIns/HermesTests.xctest/Contents/Frameworks/libswiftCore.dylib
Code signature of /Users/user2/Library/Developer/Xcode/DerivedData/Hermes-gayrmdhfnqltfgffycgkcqztcdfv/Build/Products/Debug/Hermes.app/Contents/PlugIns/HermesTests.xctest/Contents/Frameworks/libswift_Concurrency.dylib is unchanged; keeping original
Code signature of /Users/user2/Library/Developer/Xcode/DerivedData/Hermes-gayrmdhfnqltfgffycgkcqztcdfv/Build/Products/Debug/Hermes.app/Contents/PlugIns/HermesTests.xctest/Contents/Frameworks/libswiftCore.dylib is unchanged; keeping original

ExtractAppIntentsMetadata (in target 'HermesTests' from project 'Hermes')
    cd /Users/user2/Downloads/PersonalProgAppsWorking/Hermes-master
    /Applications/Xcode.app/Contents/Developer/Toolchains/XcodeDefault.xctoolchain/usr/bin/appintentsmetadataprocessor --toolchain-dir /Applications/Xcode.app/Contents/Developer/Toolchains/XcodeDefault.xctoolchain --module-name HermesTests --sdk-root /Applications/Xcode.app/Contents/Developer/Platforms/MacOSX.platform/Developer/SDKs/MacOSX15.5.sdk --xcode-version 16F6 --platform-family macOS --deployment-target 11.0 --bundle-identifier Hermes.HermesTests --output /Users/user2/Library/Developer/Xcode/DerivedData/Hermes-gayrmdhfnqltfgffycgkcqztcdfv/Build/Products/Debug/Hermes.app/Contents/PlugIns/HermesTests.xctest/Contents/Resources --target-triple arm64-apple-macos11.0 --binary-file /Users/user2/Library/Developer/Xcode/DerivedData/Hermes-gayrmdhfnqltfgffycgkcqztcdfv/Build/Products/Debug/Hermes.app/Contents/PlugIns/HermesTests.xctest/Contents/MacOS/HermesTests --dependency-file /Users/user2/Library/Developer/Xcode/DerivedData/Hermes-gayrmdhfnqltfgffycgkcqztcdfv/Build/Intermediates.noindex/Hermes.build/Debug/HermesTests.build/Objects-normal/arm64/HermesTests_dependency_info.dat --stringsdata-file /Users/user2/Library/Developer/Xcode/DerivedData/Hermes-gayrmdhfnqltfgffycgkcqztcdfv/Build/Intermediates.noindex/Hermes.build/Debug/HermesTests.build/Objects-normal/arm64/ExtractedAppShortcutsMetadata.stringsdata --source-file-list /Users/user2/Library/Developer/Xcode/DerivedData/Hermes-gayrmdhfnqltfgffycgkcqztcdfv/Build/Intermediates.noindex/Hermes.build/Debug/HermesTests.build/Objects-normal/arm64/HermesTests.SwiftFileList --metadata-file-list /Users/user2/Library/Developer/Xcode/DerivedData/Hermes-gayrmdhfnqltfgffycgkcqztcdfv/Build/Intermediates.noindex/Hermes.build/Debug/HermesTests.build/HermesTests.DependencyMetadataFileList --static-metadata-file-list /Users/user2/Library/Developer/Xcode/DerivedData/Hermes-gayrmdhfnqltfgffycgkcqztcdfv/Build/Intermediates.noindex/Hermes.build/Debug/HermesTests.build/HermesTests.DependencyStaticMetadataFileList --swift-const-vals-list /Users/user2/Library/Developer/Xcode/DerivedData/Hermes-gayrmdhfnqltfgffycgkcqztcdfv/Build/Intermediates.noindex/Hermes.build/Debug/HermesTests.build/Objects-normal/arm64/HermesTests.SwiftConstValuesFileList --compile-time-extraction --deployment-aware-processing --validate-assistant-intents --no-app-shortcuts-localization
2025-11-17 21:18:05.135 appintentsmetadataprocessor[87817:3822731] Starting appintentsmetadataprocessor export
2025-11-17 21:18:05.138 appintentsmetadataprocessor[87817:3822731] warning: Metadata extraction skipped. No AppIntents.framework dependency found.

CodeSign /Users/user2/Library/Developer/Xcode/DerivedData/Hermes-gayrmdhfnqltfgffycgkcqztcdfv/Build/Products/Debug/Hermes.app/Contents/PlugIns/HermesTests.xctest (in target 'HermesTests' from project 'Hermes')
    cd /Users/user2/Downloads/PersonalProgAppsWorking/Hermes-master
    
    Signing Identity:     "Apple Development: David Seto (QN66F622R4)"
    
    /usr/bin/codesign --force --sign 7A8F39217C1F3C5B0073284622261E2CDF4234C7 --timestamp\=none --generate-entitlement-der /Users/user2/Library/Developer/Xcode/DerivedData/Hermes-gayrmdhfnqltfgffycgkcqztcdfv/Build/Products/Debug/Hermes.app/Contents/PlugIns/HermesTests.xctest

CodeSign /Users/user2/Library/Developer/Xcode/DerivedData/Hermes-gayrmdhfnqltfgffycgkcqztcdfv/Build/Products/Debug/Hermes.app (in target 'Hermes' from project 'Hermes')
    cd /Users/user2/Downloads/PersonalProgAppsWorking/Hermes-master
    
    Signing Identity:     "Sign to Run Locally"
    
    /usr/bin/codesign --force --sign - -o runtime --entitlements /Users/user2/Library/Developer/Xcode/DerivedData/Hermes-gayrmdhfnqltfgffycgkcqztcdfv/Build/Intermediates.noindex/Hermes.build/Debug/Hermes.build/Hermes.app.xcent --timestamp\=none --generate-entitlement-der /Users/user2/Library/Developer/Xcode/DerivedData/Hermes-gayrmdhfnqltfgffycgkcqztcdfv/Build/Products/Debug/Hermes.app
/Users/user2/Library/Developer/Xcode/DerivedData/Hermes-gayrmdhfnqltfgffycgkcqztcdfv/Build/Products/Debug/Hermes.app: replacing existing signature

Validate /Users/user2/Library/Developer/Xcode/DerivedData/Hermes-gayrmdhfnqltfgffycgkcqztcdfv/Build/Products/Debug/Hermes.app (in target 'Hermes' from project 'Hermes')
    cd /Users/user2/Downloads/PersonalProgAppsWorking/Hermes-master
    builtin-validationUtility /Users/user2/Library/Developer/Xcode/DerivedData/Hermes-gayrmdhfnqltfgffycgkcqztcdfv/Build/Products/Debug/Hermes.app -no-validate-extension -infoplist-subpath Contents/Info.plist

RegisterWithLaunchServices /Users/user2/Library/Developer/Xcode/DerivedData/Hermes-gayrmdhfnqltfgffycgkcqztcdfv/Build/Products/Debug/Hermes.app (in target 'Hermes' from project 'Hermes')
    cd /Users/user2/Downloads/PersonalProgAppsWorking/Hermes-master
    /System/Library/Frameworks/CoreServices.framework/Versions/Current/Frameworks/LaunchServices.framework/Versions/Current/Support/lsregister -f -R -trusted /Users/user2/Library/Developer/Xcode/DerivedData/Hermes-gayrmdhfnqltfgffycgkcqztcdfv/Build/Products/Debug/Hermes.app

2025-11-17 21:18:08.250 xcodebuild[87794:3822507] [MT] IDETesting: Failed to construct test run summaries and write them to the result bundle: fileSystemFailure(reason: "mkstemp: No such file or directory")
2025-11-17 21:18:08.251 xcodebuild[87794:3822507] [MT] IDETestOperationsObserverDebug: 2.382 elapsed -- Testing started completed.
2025-11-17 21:18:08.251 xcodebuild[87794:3822507] [MT] IDETestOperationsObserverDebug: 0.000 sec, +0.000 sec -- start
2025-11-17 21:18:08.252 xcodebuild[87794:3822507] [MT] IDETestOperationsObserverDebug: 2.382 sec, +2.382 sec -- end
2025-11-17 21:18:08.449 xcodebuild[87794:3822507] [MT] IDEResultKit: Warning: While writing a result bundle to /Users/user2/Library/Developer/Xcode/DerivedData/Hermes-gayrmdhfnqltfgffycgkcqztcdfv/Logs/Test/Test-HermesTests-2025.11.17_21-17-59--0800.xcresult, not all contents have been imported, as the Staging directory still contains the following files/directories: ["1_Test"]
2025-11-17 21:18:08.452 xcodebuild[87794:3822507] [MT] IDETesting: Result bundle saving failed with error: Error Domain=IDEFoundationErrorDomain Code=12 "The result bundle could not be saved due to multiple errors: failed to import activity log, underlying error: fileSystemFailure(reason: "mkstemp: No such file or directory"), The operation couldn’t be completed. (CASDB.FileBackedCASDatabase.Error error 0.)" UserInfo={NSLocalizedDescription=The result bundle could not be saved due to multiple errors: failed to import activity log, underlying error: fileSystemFailure(reason: "mkstemp: No such file or directory"), The operation couldn’t be completed. (CASDB.FileBackedCASDatabase.Error error 0.), NSUnderlyingError=0x60000114fea0 {Error Domain=IDEFoundation.ResultBundleError Code=2 "failed to import activity log, underlying error: fileSystemFailure(reason: "mkstemp: No such file or directory")"}}.

Test session results, code coverage, and logs:
	/Users/user2/Library/Developer/Xcode/DerivedData/Hermes-gayrmdhfnqltfgffycgkcqztcdfv/Logs/Test/Test-HermesTests-2025.11.17_21-17-59--0800.xcresult

** TEST SUCCEEDED **

Testing started
Test suite 'ASPlaylistRetryTests' started on 'My Mac - Hermes (87866)'
Test case '-[ASPlaylistRetryTests testPlaylistIgnoresTransientErrorsDuringRetry]' passed on 'My Mac - Hermes (87866)' (1.042 seconds)
